c:\users\tehya\documents\csuy3113\project 5\sdlproject\debug\vc142.pdb
c:\users\tehya\documents\csuy3113\project 5\sdlproject\debug\vc142.idb
c:\users\tehya\documents\csuy3113\project 5\sdlproject\debug\util.obj
c:\users\tehya\documents\csuy3113\project 5\sdlproject\debug\shaderprogram.obj
c:\users\tehya\documents\csuy3113\project 5\sdlproject\debug\scene.obj
c:\users\tehya\documents\csuy3113\project 5\sdlproject\debug\menu.obj
c:\users\tehya\documents\csuy3113\project 5\sdlproject\debug\map.obj
c:\users\tehya\documents\csuy3113\project 5\sdlproject\debug\main.obj
c:\users\tehya\documents\csuy3113\project 5\sdlproject\debug\level3.obj
c:\users\tehya\documents\csuy3113\project 5\sdlproject\debug\level2.obj
c:\users\tehya\documents\csuy3113\project 5\sdlproject\debug\level1.obj
c:\users\tehya\documents\csuy3113\project 5\sdlproject\debug\entity.obj
c:\users\tehya\documents\csuy3113\project 5\sdlproject\debug\sdlproject.pdb
c:\users\tehya\documents\csuy3113\project 5\sdlproject\debug\sdlproject.tlog\cl.command.1.tlog
c:\users\tehya\documents\csuy3113\project 5\sdlproject\debug\sdlproject.tlog\cl.read.1.tlog
c:\users\tehya\documents\csuy3113\project 5\sdlproject\debug\sdlproject.tlog\cl.write.1.tlog
c:\users\tehya\documents\csuy3113\project 5\sdlproject\debug\sdlproject.tlog\link-cvtres.read.1.tlog
c:\users\tehya\documents\csuy3113\project 5\sdlproject\debug\sdlproject.tlog\link-cvtres.write.1.tlog
c:\users\tehya\documents\csuy3113\project 5\sdlproject\debug\sdlproject.tlog\link-rc.read.1.tlog
c:\users\tehya\documents\csuy3113\project 5\sdlproject\debug\sdlproject.tlog\link-rc.write.1.tlog
c:\users\tehya\documents\csuy3113\project 5\sdlproject\debug\sdlproject.tlog\link.command.1.tlog
c:\users\tehya\documents\csuy3113\project 5\sdlproject\debug\sdlproject.tlog\link.read.1.tlog
c:\users\tehya\documents\csuy3113\project 5\sdlproject\debug\sdlproject.tlog\link.write.1.tlog
